<?xml version="1.0" encoding="UTF-8"?>
<!-- Generated by org.testng.reporters.JUnitReportReporter -->
<testsuite hostname="DESKTOP-00KVC6G" failures="0" tests="1" name="com.google.testCases.facebook_SignUpPage_TC001" time="6.641" errors="0" timestamp="2022-04-30T12:39:08 EDT" skipped="0">
  <testcase classname="com.google.testCases.facebook_SignUpPage_TC001" name="faceBookLogin" time="6.641"/>
  <system-out/>
</testsuite> <!-- com.google.testCases.facebook_SignUpPage_TC001 -->
