<?xml version="1.0" encoding="UTF-8"?>
<!-- Generated by org.testng.reporters.JUnitReportReporter -->
<testsuite hostname="Thushara" failures="0" tests="1" name="com.google.testCases.GoogleSearch" time="2.509" errors="0" timestamp="2022-04-21T18:17:04 PDT" skipped="0">
  <testcase classname="com.google.testCases.GoogleSearch" name="GoogleSearchTest" time="2.509"/>
  <system-out/>
</testsuite> <!-- com.google.testCases.GoogleSearch -->
